Determining if the pthread_create exist failed with the following output:
<<<<<<< HEAD
Change Dir: /home/workspace/gochaseit/build/CMakeFiles/CMakeTmp

Run Build Command:"/usr/bin/make" "cmTC_06b76/fast"
/usr/bin/make -f CMakeFiles/cmTC_06b76.dir/build.make CMakeFiles/cmTC_06b76.dir/build
make[1]: Entering directory '/home/workspace/gochaseit/build/CMakeFiles/CMakeTmp'
Building C object CMakeFiles/cmTC_06b76.dir/CheckSymbolExists.c.o
/usr/bin/cc     -o CMakeFiles/cmTC_06b76.dir/CheckSymbolExists.c.o   -c /home/workspace/gochaseit/build/CMakeFiles/CMakeTmp/CheckSymbolExists.c
Linking C executable cmTC_06b76
/usr/bin/cmake -E cmake_link_script CMakeFiles/cmTC_06b76.dir/link.txt --verbose=1
/usr/bin/cc       CMakeFiles/cmTC_06b76.dir/CheckSymbolExists.c.o  -o cmTC_06b76 -rdynamic 
CMakeFiles/cmTC_06b76.dir/CheckSymbolExists.c.o: In function `main':
CheckSymbolExists.c:(.text+0x16): undefined reference to `pthread_create'
collect2: error: ld returned 1 exit status
CMakeFiles/cmTC_06b76.dir/build.make:97: recipe for target 'cmTC_06b76' failed
make[1]: *** [cmTC_06b76] Error 1
make[1]: Leaving directory '/home/workspace/gochaseit/build/CMakeFiles/CMakeTmp'
Makefile:126: recipe for target 'cmTC_06b76/fast' failed
make: *** [cmTC_06b76/fast] Error 2

File /home/workspace/gochaseit/build/CMakeFiles/CMakeTmp/CheckSymbolExists.c:
=======
Change Dir: /home/ahmed/catkin_ws/build/CMakeFiles/CMakeTmp

Run Build Command:"/usr/bin/make" "cmTC_105b9/fast"
/usr/bin/make -f CMakeFiles/cmTC_105b9.dir/build.make CMakeFiles/cmTC_105b9.dir/build
make[1]: Entering directory '/home/ahmed/catkin_ws/build/CMakeFiles/CMakeTmp'
Building C object CMakeFiles/cmTC_105b9.dir/CheckSymbolExists.c.o
/usr/bin/cc    -o CMakeFiles/cmTC_105b9.dir/CheckSymbolExists.c.o   -c /home/ahmed/catkin_ws/build/CMakeFiles/CMakeTmp/CheckSymbolExists.c
Linking C executable cmTC_105b9
/usr/bin/cmake -E cmake_link_script CMakeFiles/cmTC_105b9.dir/link.txt --verbose=1
/usr/bin/cc      -rdynamic CMakeFiles/cmTC_105b9.dir/CheckSymbolExists.c.o  -o cmTC_105b9 
CMakeFiles/cmTC_105b9.dir/CheckSymbolExists.c.o: In function `main':
CheckSymbolExists.c:(.text+0x1b): undefined reference to `pthread_create'
collect2: error: ld returned 1 exit status
CMakeFiles/cmTC_105b9.dir/build.make:97: recipe for target 'cmTC_105b9' failed
make[1]: *** [cmTC_105b9] Error 1
make[1]: Leaving directory '/home/ahmed/catkin_ws/build/CMakeFiles/CMakeTmp'
Makefile:126: recipe for target 'cmTC_105b9/fast' failed
make: *** [cmTC_105b9/fast] Error 2

File /home/ahmed/catkin_ws/build/CMakeFiles/CMakeTmp/CheckSymbolExists.c:
>>>>>>> 36d879c5b6a02fa6c424d9990333898ef79170f9
/* */
#include <pthread.h>

int main(int argc, char** argv)
{
  (void)argv;
#ifndef pthread_create
  return ((int*)(&pthread_create))[argc];
#else
  (void)argc;
  return 0;
#endif
}

Determining if the function pthread_create exists in the pthreads failed with the following output:
<<<<<<< HEAD
Change Dir: /home/workspace/gochaseit/build/CMakeFiles/CMakeTmp

Run Build Command:"/usr/bin/make" "cmTC_bc750/fast"
/usr/bin/make -f CMakeFiles/cmTC_bc750.dir/build.make CMakeFiles/cmTC_bc750.dir/build
make[1]: Entering directory '/home/workspace/gochaseit/build/CMakeFiles/CMakeTmp'
Building C object CMakeFiles/cmTC_bc750.dir/CheckFunctionExists.c.o
/usr/bin/cc    -DCHECK_FUNCTION_EXISTS=pthread_create   -o CMakeFiles/cmTC_bc750.dir/CheckFunctionExists.c.o   -c /usr/share/cmake-3.5/Modules/CheckFunctionExists.c
Linking C executable cmTC_bc750
/usr/bin/cmake -E cmake_link_script CMakeFiles/cmTC_bc750.dir/link.txt --verbose=1
/usr/bin/cc   -DCHECK_FUNCTION_EXISTS=pthread_create    CMakeFiles/cmTC_bc750.dir/CheckFunctionExists.c.o  -o cmTC_bc750 -rdynamic -lpthreads 
/usr/bin/ld: cannot find -lpthreads
collect2: error: ld returned 1 exit status
CMakeFiles/cmTC_bc750.dir/build.make:97: recipe for target 'cmTC_bc750' failed
make[1]: *** [cmTC_bc750] Error 1
make[1]: Leaving directory '/home/workspace/gochaseit/build/CMakeFiles/CMakeTmp'
Makefile:126: recipe for target 'cmTC_bc750/fast' failed
make: *** [cmTC_bc750/fast] Error 2
=======
Change Dir: /home/ahmed/catkin_ws/build/CMakeFiles/CMakeTmp

Run Build Command:"/usr/bin/make" "cmTC_0ec2e/fast"
/usr/bin/make -f CMakeFiles/cmTC_0ec2e.dir/build.make CMakeFiles/cmTC_0ec2e.dir/build
make[1]: Entering directory '/home/ahmed/catkin_ws/build/CMakeFiles/CMakeTmp'
Building C object CMakeFiles/cmTC_0ec2e.dir/CheckFunctionExists.c.o
/usr/bin/cc   -DCHECK_FUNCTION_EXISTS=pthread_create   -o CMakeFiles/cmTC_0ec2e.dir/CheckFunctionExists.c.o   -c /usr/share/cmake-3.10/Modules/CheckFunctionExists.c
Linking C executable cmTC_0ec2e
/usr/bin/cmake -E cmake_link_script CMakeFiles/cmTC_0ec2e.dir/link.txt --verbose=1
/usr/bin/cc  -DCHECK_FUNCTION_EXISTS=pthread_create    -rdynamic CMakeFiles/cmTC_0ec2e.dir/CheckFunctionExists.c.o  -o cmTC_0ec2e -lpthreads 
/usr/bin/ld: cannot find -lpthreads
collect2: error: ld returned 1 exit status
CMakeFiles/cmTC_0ec2e.dir/build.make:97: recipe for target 'cmTC_0ec2e' failed
make[1]: *** [cmTC_0ec2e] Error 1
make[1]: Leaving directory '/home/ahmed/catkin_ws/build/CMakeFiles/CMakeTmp'
Makefile:126: recipe for target 'cmTC_0ec2e/fast' failed
make: *** [cmTC_0ec2e/fast] Error 2
>>>>>>> 36d879c5b6a02fa6c424d9990333898ef79170f9


